<?xml version="1.0" encoding="UTF-8"?>
<!-- Generated by org.testng.reporters.JUnitReportReporter -->
<testsuite hostname="CHARAN" failures="0" tests="1" name="test.Tc2" time="0.012" errors="0" timestamp="2023-05-15T22:17:34 IST" skipped="0">
  <testcase classname="test.Tc2" name="m1" time="0.012"/>
  <system-out>
    <![CDATA[Tc2 pass]]>
  </system-out>
</testsuite> <!-- test.Tc2 -->
